05/23/2024 04:22:02 PM: INFO: ***********Test case 003 Add Customer ********************
05/23/2024 04:22:04 PM: INFO: ***************Login Successful****************
05/23/2024 04:41:35 PM: INFO: ***********Test case 003 Add Customer ********************
05/23/2024 04:41:37 PM: INFO: ***************Login Successful****************
05/23/2024 04:41:37 PM: INFO: *************Add customer details test starting *******************
05/23/2024 04:43:33 PM: INFO: ***********Test case 003 Add Customer ********************
05/23/2024 04:43:35 PM: INFO: ***************Login Successful****************
05/23/2024 04:43:35 PM: INFO: *************Add customer details test starting *******************
05/23/2024 04:44:14 PM: INFO: ***********Test case 003 Add Customer ********************
05/23/2024 04:44:16 PM: INFO: ***************Login Successful****************
05/23/2024 04:44:16 PM: INFO: *************Add customer details test starting *******************
05/23/2024 06:35:43 PM: INFO: ***********Test case 003 Add Customer ********************
05/23/2024 06:35:44 PM: INFO: ***************Login Successful****************
05/23/2024 06:36:20 PM: INFO: ***********Test case 003 Add Customer ********************
05/23/2024 06:36:22 PM: INFO: ***************Login Successful****************
05/23/2024 06:36:22 PM: INFO: Test case of edit role begin
05/23/2024 06:46:59 PM: INFO: ***********Test case 003 Add Customer ********************
05/23/2024 06:47:00 PM: INFO: ***************Login Successful****************
05/23/2024 06:47:00 PM: INFO: Test case of edit role begin
05/23/2024 06:47:38 PM: INFO: ***********Test case 003 Add Customer ********************
05/23/2024 06:47:39 PM: INFO: ***************Login Successful****************
05/23/2024 06:47:39 PM: INFO: Test case of edit role begin
05/23/2024 06:48:39 PM: INFO: ***********Test case 003 Add Customer ********************
05/23/2024 06:48:40 PM: INFO: ***************Login Successful****************
05/23/2024 06:48:40 PM: INFO: Test case of edit role begin
05/23/2024 06:53:05 PM: INFO: ***********Test case 003 Add Customer ********************
05/23/2024 06:53:07 PM: INFO: ***************Login Successful****************
05/23/2024 06:53:07 PM: INFO: Test case of edit role begin
05/23/2024 06:53:54 PM: INFO: ***********Test case 003 Add Customer ********************
05/23/2024 06:53:56 PM: INFO: ***************Login Successful****************
05/23/2024 06:53:56 PM: INFO: Test case of edit role begin
05/23/2024 06:54:43 PM: INFO: ***********Test case 003 Add Customer ********************
05/23/2024 06:54:45 PM: INFO: ***************Login Successful****************
05/23/2024 06:54:45 PM: INFO: Test case of edit role begin
05/23/2024 06:56:39 PM: INFO: ***********Test case 003 Add Customer ********************
05/23/2024 06:56:40 PM: INFO: ***************Login Successful****************
05/23/2024 06:56:40 PM: INFO: Test case of edit role begin
05/23/2024 06:57:40 PM: INFO: ***********Test case 003 Add Customer ********************
05/23/2024 06:57:42 PM: INFO: ***************Login Successful****************
05/23/2024 06:57:42 PM: INFO: Test case of edit role begin
05/23/2024 06:58:09 PM: INFO: ***********Test case 003 Add Customer ********************
05/23/2024 06:58:11 PM: INFO: ***************Login Successful****************
05/23/2024 06:58:11 PM: INFO: Test case of edit role begin
05/23/2024 06:59:52 PM: INFO: ***********Test case 003 Add Customer ********************
05/23/2024 06:59:54 PM: INFO: ***************Login Successful****************
05/23/2024 06:59:54 PM: INFO: Test case of edit role begin
05/23/2024 07:00:57 PM: INFO: ***********Test case 003 Add Customer ********************
05/23/2024 07:00:59 PM: INFO: ***************Login Successful****************
05/23/2024 07:00:59 PM: INFO: Test case of edit role begin
05/23/2024 07:01:24 PM: INFO: ***********Test case 003 Add Customer ********************
05/23/2024 07:01:25 PM: INFO: ***************Login Successful****************
05/23/2024 07:01:25 PM: INFO: Test case of edit role begin
05/23/2024 07:03:01 PM: INFO: ***********Test case 003 Add Customer ********************
05/23/2024 07:03:03 PM: INFO: ***************Login Successful****************
05/23/2024 07:03:03 PM: INFO: Test case of edit role begin
05/23/2024 07:04:15 PM: INFO: ***********Test case 003 Add Customer ********************
05/23/2024 07:04:17 PM: INFO: ***************Login Successful****************
05/23/2024 07:04:17 PM: INFO: Test case of edit role begin
05/23/2024 07:05:27 PM: INFO: ***********Test case 003 Add Customer ********************
05/23/2024 07:05:29 PM: INFO: ***************Login Successful****************
05/23/2024 07:05:29 PM: INFO: Test case of edit role begin
05/23/2024 07:06:12 PM: INFO: ***********Test case 003 Add Customer ********************
05/23/2024 07:06:14 PM: INFO: ***************Login Successful****************
05/23/2024 07:06:14 PM: INFO: Test case of edit role begin
05/23/2024 07:06:49 PM: INFO: ***********Test case 003 Add Customer ********************
05/23/2024 07:06:51 PM: INFO: ***************Login Successful****************
05/23/2024 07:06:51 PM: INFO: Test case of edit role begin
05/23/2024 07:08:09 PM: INFO: ***********Test case 003 Add Customer ********************
05/23/2024 07:08:10 PM: INFO: ***************Login Successful****************
05/23/2024 07:08:10 PM: INFO: Test case of edit role begin
05/23/2024 07:09:28 PM: INFO: ***********Test case 003 Add Customer ********************
05/23/2024 07:09:30 PM: INFO: ***************Login Successful****************
05/23/2024 07:09:30 PM: INFO: Test case of edit role begin
05/23/2024 07:10:44 PM: INFO: ***********Test case 003 Add Customer ********************
05/23/2024 07:10:46 PM: INFO: ***************Login Successful****************
05/23/2024 07:10:46 PM: INFO: Test case of edit role begin
05/23/2024 07:12:08 PM: INFO: ***********Test case 003 Add Customer ********************
05/23/2024 07:12:10 PM: INFO: ***************Login Successful****************
05/23/2024 07:12:10 PM: INFO: Test case of edit role begin
05/23/2024 07:12:58 PM: INFO: ***********Test case 003 Add Customer ********************
05/23/2024 07:13:00 PM: INFO: ***************Login Successful****************
05/23/2024 07:13:00 PM: INFO: Test case of edit role begin
05/23/2024 07:13:56 PM: INFO: ***********Test case 003 Add Customer ********************
05/23/2024 07:13:58 PM: INFO: ***************Login Successful****************
05/23/2024 07:13:58 PM: INFO: Test case of edit role begin
05/24/2024 11:09:43 AM: INFO: ***********Test case 003 Add Customer ********************
05/24/2024 11:09:45 AM: INFO: ***************Login Successful****************
05/24/2024 11:09:45 AM: INFO: Test case of edit role begin
05/24/2024 11:49:15 AM: INFO: ***********Test case 003 Add Customer ********************
05/24/2024 11:49:16 AM: INFO: ***************Login Successful****************
05/24/2024 11:49:16 AM: INFO: *************Add customer details test starting *******************
05/24/2024 11:49:23 AM: INFO: ***********Providing Customer inforamtion **************
05/24/2024 11:49:27 AM: INFO: **********New Cutomer data saved(Test Case paassed)********************
05/24/2024 12:31:22 PM: INFO: ***********Test case 004 search Customer By name ********************
05/24/2024 12:31:24 PM: INFO: ***************Login Successful****************
05/24/2024 12:31:24 PM: INFO: *************Add customer details test starting *******************
05/24/2024 12:37:23 PM: INFO: ***********Test case 004 search Customer By name ********************
05/24/2024 12:37:25 PM: INFO: ***************Login Successful****************
05/24/2024 12:37:25 PM: INFO: Search the customer by name test case begin
05/24/2024 12:39:10 PM: INFO: ***********Test case 004 search Customer By name ********************
05/24/2024 12:39:13 PM: INFO: ***************Login Successful****************
05/24/2024 12:39:13 PM: INFO: Search the customer by name test case begin
05/24/2024 12:39:16 PM: INFO: Search by name 'Virat'
05/24/2024 12:39:18 PM: INFO: Test Case Ended
05/24/2024 12:40:47 PM: INFO: ***********Test case 004 search Customer By name ********************
05/24/2024 12:40:49 PM: INFO: ***************Login Successful****************
05/24/2024 12:40:49 PM: INFO: Search the customer by name test case begin
05/24/2024 12:40:52 PM: INFO: Search by name 'Virat'
05/24/2024 12:40:54 PM: INFO: Test Case Ended
05/24/2024 05:43:58 PM: INFO: **************  Test_001_Login ********************
05/24/2024 05:43:58 PM: INFO: ***********Verifying Home page title **************
05/24/2024 05:43:59 PM: INFO: Home page test case pass
05/24/2024 05:44:01 PM: INFO: ***********Verifying Login test case **************
05/24/2024 05:44:03 PM: INFO: *********** Login title test case Pass**************
05/24/2024 05:44:51 PM: INFO: **************  Test_001_Login ********************
05/24/2024 05:44:51 PM: INFO: ***********Verifying Home page title **************
05/24/2024 05:44:51 PM: INFO: Home page test case pass
05/24/2024 05:44:53 PM: INFO: ***********Verifying Login test case **************
05/24/2024 05:44:56 PM: INFO: *********** Login title test case Pass**************
05/24/2024 05:45:26 PM: INFO: **************  Test_001_Login ********************
05/24/2024 05:45:26 PM: INFO: ***********Verifying Home page title **************
05/24/2024 05:45:27 PM: INFO: Home page test case pass
05/24/2024 05:45:29 PM: INFO: ***********Verifying Login test case **************
05/24/2024 05:45:32 PM: INFO: *********** Login title test case Pass**************
05/24/2024 06:38:14 PM: INFO: ***********Test case 004 search Customer By name ********************
05/24/2024 06:38:15 PM: INFO: ***************Login Successful****************
05/24/2024 06:38:15 PM: INFO: Search the customer by name test case begin
05/24/2024 06:38:19 PM: INFO: Search by name 'Virat'
05/24/2024 06:38:21 PM: INFO: Test Case Ended
05/24/2024 07:02:50 PM: INFO: **************  Test_001_Login ********************
05/24/2024 07:02:50 PM: INFO: ***********Verifying Home page title **************
05/24/2024 07:02:50 PM: INFO: Home page test case pass
05/24/2024 07:02:52 PM: INFO: ***********Verifying Login test case **************
05/24/2024 07:02:54 PM: INFO: *********** Login title test case Pass**************
05/27/2024 12:08:20 PM: INFO: ***********Test case 004 search Customer By name ********************
05/27/2024 12:08:22 PM: INFO: ***************Login Successful****************
05/27/2024 12:08:22 PM: INFO: Search the customer by name test case begin
05/27/2024 12:08:26 PM: INFO: Search by name 'Virat'
05/27/2024 12:08:28 PM: INFO: Test Case Ended
06/03/2024 10:28:22 AM: INFO: **************  Test_001_Login ********************
06/03/2024 10:28:22 AM: INFO: ***********Verifying Home page title **************
06/03/2024 10:28:23 AM: INFO: Home page test case pass
06/03/2024 10:28:24 AM: INFO: ***********Verifying Login test case **************
06/03/2024 10:28:27 AM: INFO: *********** Login title test case Pass**************
06/03/2024 10:29:23 AM: INFO: ***********Test case 004 search Customer By name ********************
06/03/2024 10:29:27 AM: INFO: ***************Login Successful****************
06/03/2024 10:29:27 AM: INFO: Search the customer by name test case begin
06/03/2024 10:34:00 AM: INFO: ***********Test case 004 search Customer By name ********************
06/03/2024 10:34:03 AM: INFO: ***************Login Successful****************
06/03/2024 10:34:03 AM: INFO: Search the customer by name test case begin
